Build started 4/24/2017 8:18:49 PM.
     1>Project "C:\Users\Jonathan\Documents\Visual Studio 2015\Projects\GPF\GPF\GPF.vcxproj" on node 2 (Build target(s)).
     1>ClCompile:
         C:\Program Files (x86)\Microsoft Visual Studio 14.0\VC\bin\CL.exe /c /ZI /nologo /W3 /WX- /sdl /Od /Oy- /D WIN32 /D _DEBUG /D _CONSOLE /D _UNICODE /D UNICODE /Gm /EHsc /RTC1 /MDd /GS /fp:precise /Zc:wchar_t /Zc:forScope /Zc:inline /Fo"Debug\\" /Fd"Debug\vc140.pdb" /Gd /TP /analyze- /errorReport:prompt GPF.cpp
         GPF.cpp
     1>c:\users\jonathan\documents\visual studio 2015\projects\gpf\gpf\gpf.cpp(169): warning C4102: 'Rounds': unreferenced label
     1>c:\users\jonathan\documents\visual studio 2015\projects\gpf\gpf\gpf.cpp(174): warning C4102: 'Replace': unreferenced label
     1>c:\users\jonathan\documents\visual studio 2015\projects\gpf\gpf\gpf.cpp(201): warning C4102: 'NOTTOOBIG': unreferenced label
     1>c:\users\jonathan\documents\visual studio 2015\projects\gpf\gpf\gpf.cpp(283): warning C4102: 'ALMOSTDONE': unreferenced label
     1>c:\users\jonathan\documents\visual studio 2015\projects\gpf\gpf\gpf.cpp(314): warning C4102: 'EXIT_C_ENCRYPT_DATA': unreferenced label
     1>c:\users\jonathan\documents\visual studio 2015\projects\gpf\gpf\gpf.cpp(399): warning C4102: 'Replace': unreferenced label
     1>c:\users\jonathan\documents\visual studio 2015\projects\gpf\gpf\gpf.cpp(481): warning C4102: 'ALMOSTDONE': unreferenced label
     1>c:\users\jonathan\documents\visual studio 2015\projects\gpf\gpf\gpf.cpp(505): warning C4102: 'EXIT_C_ENCRYPT_DATA': unreferenced label
     1>c:\users\jonathan\documents\visual studio 2015\projects\gpf\gpf\gpf.cpp(79): warning C4731: 'exCountLetters': frame pointer register 'ebp' modified by inline assembly code
     1>c:\users\jonathan\documents\visual studio 2015\projects\gpf\gpf\gpf.cpp(88): warning C4731: 'exCountLetters': frame pointer register 'ebp' modified by inline assembly code
       Link:
         C:\Program Files (x86)\Microsoft Visual Studio 14.0\VC\bin\link.exe /ERRORREPORT:PROMPT /OUT:"C:\Users\Jonathan\Documents\Visual Studio 2015\Projects\GPF\Debug\GPF.exe" /INCREMENTAL /NOLOGO kernel32.lib user32.lib gdi32.lib winspool.lib comdlg32.lib advapi32.lib shell32.lib ole32.lib oleaut32.lib uuid.lib odbc32.lib odbccp32.lib /MANIFEST /MANIFESTUAC:"level='asInvoker' uiAccess='false'" /manifest:embed /Debug /PDB:"C:\Users\Jonathan\Documents\Visual Studio 2015\Projects\GPF\Debug\GPF.pdb" /SUBSYSTEM:CONSOLE /TLBID:1 /DYNAMICBASE /NXCOMPAT /IMPLIB:"C:\Users\Jonathan\Documents\Visual Studio 2015\Projects\GPF\Debug\GPF.lib" /MACHINE:X86 Debug\GPF.obj
         "Debug\SHA-256.obj"
         LINK : C:\Users\Jonathan\Documents\Visual Studio 2015\Projects\GPF\Debug\GPF.exe not found or not built by the last incremental link; performing full link
         GPF.vcxproj -> C:\Users\Jonathan\Documents\Visual Studio 2015\Projects\GPF\Debug\GPF.exe
     1>Done Building Project "C:\Users\Jonathan\Documents\Visual Studio 2015\Projects\GPF\GPF\GPF.vcxproj" (Build target(s)).

Build succeeded.

Time Elapsed 00:00:05.07
